<?xml version="1.0" encoding="UTF-8"?>
<testsuite xmlns:xsi="http://www.w3.org/2001/XMLSchema-instance" xsi:noNamespaceSchemaLocation="https://maven.apache.org/surefire/maven-surefire-plugin/xsd/surefire-test-report.xsd" name="com.project.joan.TestPlayer" time="0.002" tests="5" errors="0" skipped="0" failures="0">
  <properties>
[...]
</properties>
  <testcase name="testGetYPosition" classname="com.project.joan.TestPlayer" time="0"/>
  <testcase name="testStartPosition" classname="com.project.joan.TestPlayer" time="0"/>
  <testcase name="testGetXPosition" classname="com.project.joan.TestPlayer" time="0"/>
  <testcase name="testCanShoot" classname="com.project.joan.TestPlayer" time="0.002"/>
  <testcase name="testGetOrientation" classname="com.project.joan.TestPlayer" time="0"/>
</testsuite>